

Processing ApplicationController#index (for 127.0.0.1 at 2009-07-31 17:03:18) [GET]

ActionController::RoutingError (No route matches "/chairman_messages" with {:method=>:get}):
  /usr/lib/ruby/1.8/webrick/httpserver.rb:104:in `service'
  /usr/lib/ruby/1.8/webrick/httpserver.rb:65:in `run'
  /usr/lib/ruby/1.8/webrick/server.rb:173:in `start_thread'
  /usr/lib/ruby/1.8/webrick/server.rb:162:in `start'
  /usr/lib/ruby/1.8/webrick/server.rb:162:in `start_thread'
  /usr/lib/ruby/1.8/webrick/server.rb:95:in `start'
  /usr/lib/ruby/1.8/webrick/server.rb:92:in `each'
  /usr/lib/ruby/1.8/webrick/server.rb:92:in `start'
  /usr/lib/ruby/1.8/webrick/server.rb:23:in `start'
  /usr/lib/ruby/1.8/webrick/server.rb:82:in `start'

Rendering rescues/layout (not_found)


Processing ApplicationController#index (for 127.0.0.1 at 2009-07-31 17:03:23) [GET]

ActionController::RoutingError (No route matches "/" with {:method=>:get}):
  /usr/lib/ruby/1.8/webrick/httpserver.rb:104:in `service'
  /usr/lib/ruby/1.8/webrick/httpserver.rb:65:in `run'
  /usr/lib/ruby/1.8/webrick/server.rb:173:in `start_thread'
  /usr/lib/ruby/1.8/webrick/server.rb:162:in `start'
  /usr/lib/ruby/1.8/webrick/server.rb:162:in `start_thread'
  /usr/lib/ruby/1.8/webrick/server.rb:95:in `start'
  /usr/lib/ruby/1.8/webrick/server.rb:92:in `each'
  /usr/lib/ruby/1.8/webrick/server.rb:92:in `start'
  /usr/lib/ruby/1.8/webrick/server.rb:23:in `start'
  /usr/lib/ruby/1.8/webrick/server.rb:82:in `start'

Rendering rescues/layout (not_found)


Processing UsersController#index (for 127.0.0.1 at 2009-07-31 17:03:29) [GET]
  [4;36;1mUser Load (0.0ms)[0m   [0;1mSQLite3::SQLException: no such table: users: SELECT * FROM "users" [0m

ActiveRecord::StatementInvalid (SQLite3::SQLException: no such table: users: SELECT * FROM "users" ):
  app/controllers/users_controller.rb:3:in `index'
  /usr/lib/ruby/1.8/webrick/httpserver.rb:104:in `service'
  /usr/lib/ruby/1.8/webrick/httpserver.rb:65:in `run'
  /usr/lib/ruby/1.8/webrick/server.rb:173:in `start_thread'
  /usr/lib/ruby/1.8/webrick/server.rb:162:in `start'
  /usr/lib/ruby/1.8/webrick/server.rb:162:in `start_thread'
  /usr/lib/ruby/1.8/webrick/server.rb:95:in `start'
  /usr/lib/ruby/1.8/webrick/server.rb:92:in `each'
  /usr/lib/ruby/1.8/webrick/server.rb:92:in `start'
  /usr/lib/ruby/1.8/webrick/server.rb:23:in `start'
  /usr/lib/ruby/1.8/webrick/server.rb:82:in `start'

Rendered rescues/_trace (55.4ms)
Rendered rescues/_request_and_response (1.6ms)
Rendering rescues/layout (internal_server_error)
  [4;36;1mSQL (0.6ms)[0m   [0;1m SELECT name
 FROM sqlite_master
 WHERE type = 'table' AND NOT name = 'sqlite_sequence'
[0m
  [4;35;1mSQL (0.8ms)[0m   [0mselect sqlite_version(*)[0m
  [4;36;1mSQL (20.7ms)[0m   [0;1mCREATE TABLE "schema_migrations" ("version" varchar(255) NOT NULL) [0m
  [4;35;1mSQL (6.5ms)[0m   [0mCREATE UNIQUE INDEX "unique_schema_migrations" ON "schema_migrations" ("version")[0m
  [4;36;1mSQL (0.5ms)[0m   [0;1m SELECT name
 FROM sqlite_master
 WHERE type = 'table' AND NOT name = 'sqlite_sequence'
[0m
  [4;35;1mSQL (0.3ms)[0m   [0mSELECT version FROM schema_migrations[0m
Migrating to CreateUsers (20090731110824)
  [4;36;1mSQL (1.3ms)[0m   [0;1mCREATE TABLE "users" ("id" INTEGER PRIMARY KEY AUTOINCREMENT NOT NULL, "login" varchar(255) NOT NULL, "email" varchar(255) NOT NULL, "crypted_password" varchar(255) NOT NULL, "password_salt" varchar(255) NOT NULL, "persistence_token" varchar(255) NOT NULL, "single_access_token" varchar(255) NOT NULL, "perishable_token" varchar(255) NOT NULL, "login_count" integer DEFAULT 0 NOT NULL, "failed_login_count" integer DEFAULT 0 NOT NULL, "last_request_at" datetime, "current_login_at" datetime, "last_login_at" datetime, "current_login_ip" varchar(255), "last_login_ip" varchar(255), "created_at" datetime, "updated_at" datetime) [0m
  [4;35;1mSQL (1.0ms)[0m   [0mINSERT INTO schema_migrations (version) VALUES ('20090731110824')[0m
  [4;36;1mSQL (0.8ms)[0m   [0;1m SELECT name
 FROM sqlite_master
 WHERE type = 'table' AND NOT name = 'sqlite_sequence'
[0m
  [4;35;1mSQL (0.5ms)[0m   [0mSELECT version FROM schema_migrations[0m
  [4;36;1mSQL (0.7ms)[0m   [0;1m SELECT name
 FROM sqlite_master
 WHERE type = 'table' AND NOT name = 'sqlite_sequence'
[0m
  [4;35;1mSQL (0.3ms)[0m   [0mPRAGMA index_list("users")[0m


Processing UsersController#index (for 127.0.0.1 at 2009-07-31 17:04:00) [GET]
  [4;35;1mUser Load (0.4ms)[0m   [0mSELECT * FROM "users" [0m
Rendering users/index
Completed in 28ms (View: 6, DB: 0) | 200 OK [http://localhost/users]


Processing UsersController#new (for 127.0.0.1 at 2009-07-31 17:04:08) [GET]
Rendering users/new

ActionView::TemplateError (undefined method `include?' for :partial:Symbol) on line #4 of app/views/users/new.html.erb:
1: <h3>New User</h3>
2: 
3: <% form_for @user do |f| %>
4:   <%= render :partial, :locals => { :f => f} %>
5:   <%= f.submit 'Create' %>
6: <% end %>

    app/views/users/new.html.erb:4
    app/views/users/new.html.erb:3
    /usr/lib/ruby/1.8/webrick/httpserver.rb:104:in `service'
    /usr/lib/ruby/1.8/webrick/httpserver.rb:65:in `run'
    /usr/lib/ruby/1.8/webrick/server.rb:173:in `start_thread'
    /usr/lib/ruby/1.8/webrick/server.rb:162:in `start'
    /usr/lib/ruby/1.8/webrick/server.rb:162:in `start_thread'
    /usr/lib/ruby/1.8/webrick/server.rb:95:in `start'
    /usr/lib/ruby/1.8/webrick/server.rb:92:in `each'
    /usr/lib/ruby/1.8/webrick/server.rb:92:in `start'
    /usr/lib/ruby/1.8/webrick/server.rb:23:in `start'
    /usr/lib/ruby/1.8/webrick/server.rb:82:in `start'

Rendered rescues/_trace (60.0ms)
Rendered rescues/_request_and_response (0.4ms)
Rendering rescues/layout (internal_server_error)


Processing UsersController#new (for 127.0.0.1 at 2009-07-31 17:04:55) [GET]
Rendering users/new
Rendered users/_form (7.8ms)
Completed in 36ms (View: 17, DB: 0) | 200 OK [http://localhost/users/new]


Processing UsersController#create (for 127.0.0.1 at 2009-07-31 17:04:59) [POST]
  Parameters: {"commit"=>"Create", "authenticity_token"=>"V/0Fp2dXZsKUxZmVut1Z8gq8qIzWlHeysHhLr2PCRsE=", "user"=>{"password_confirmation"=>"", "password"=>"", "login"=>"", "email"=>""}}
  [4;36;1mUser Exists (0.2ms)[0m   [0;1mSELECT "users".id FROM "users" WHERE (LOWER("users"."email") = '') LIMIT 1[0m
  [4;35;1mUser Exists (0.2ms)[0m   [0mSELECT "users".id FROM "users" WHERE (LOWER("users"."login") = '') LIMIT 1[0m
  [4;36;1mUser Exists (0.2ms)[0m   [0;1mSELECT "users".id FROM "users" WHERE ("users"."persistence_token" = '8054d6f7043853ec4ecf5d96821b357803a9377b082b1e04d4b08cd1740c392c42af5bb736fb66a2bd783327196a34b1d88eddf26a2f5b1617d156dc9874e306') LIMIT 1[0m
  [4;35;1mUser Exists (0.2ms)[0m   [0mSELECT "users".id FROM "users" WHERE ("users"."single_access_token" = '2bVJL--hNczDAeQZfdI1') LIMIT 1[0m
Rendering users/new
Rendered users/_form (3.7ms)
Completed in 51ms (View: 6, DB: 1) | 200 OK [http://localhost/users]


Processing UsersController#create (for 127.0.0.1 at 2009-07-31 17:05:22) [POST]
  Parameters: {"commit"=>"Create", "authenticity_token"=>"V/0Fp2dXZsKUxZmVut1Z8gq8qIzWlHeysHhLr2PCRsE=", "user"=>{"password_confirmation"=>"arun", "password"=>"arun", "login"=>"arun", "email"=>"arun@test.com"}}
  [4;36;1mUser Exists (0.2ms)[0m   [0;1mSELECT "users".id FROM "users" WHERE (LOWER("users"."email") = 'arun@test.com') LIMIT 1[0m
  [4;35;1mUser Exists (0.2ms)[0m   [0mSELECT "users".id FROM "users" WHERE (LOWER("users"."login") = 'arun') LIMIT 1[0m
  [4;36;1mUser Exists (0.2ms)[0m   [0;1mSELECT "users".id FROM "users" WHERE ("users"."persistence_token" = '9094eb9bcca77b30d91b7d106daaafa002244b5e946a96b17b32c67f6b1ae302196e7eaae1a5578f7f572e922523b166db818ecc96c959a4c370361a8101e298') LIMIT 1[0m
  [4;35;1mUser Exists (0.1ms)[0m   [0mSELECT "users".id FROM "users" WHERE ("users"."single_access_token" = 'ZHsaPQAaxlwuYB0_kXDr') LIMIT 1[0m
  [4;36;1mUser Load (0.3ms)[0m   [0;1mSELECT * FROM "users" WHERE ("users"."id" = '1') LIMIT 1[0m
  [4;35;1mUser Create (0.6ms)[0m   [0mINSERT INTO "users" ("single_access_token", "last_request_at", "created_at", "crypted_password", "perishable_token", "updated_at", "failed_login_count", "current_login_ip", "password_salt", "current_login_at", "persistence_token", "login_count", "last_login_ip", "login", "last_login_at", "email") VALUES('ZHsaPQAaxlwuYB0_kXDr', '2009-07-31 11:35:23', '2009-07-31 11:35:23', 'edac337a2c8690848dd509f12238dc9363d1154f379d9ba237eb7f38ed3c7204fb39c8f428fa520cb2dca27a55cf948721924c380d2375461fb6430ab22a44c2', 'P6XTVnoYLM77K9sBWGw7', '2009-07-31 11:35:23', 0, '127.0.0.1', 'kXzYylyZqHhtWrGqTpzz', '2009-07-31 11:35:23', '9094eb9bcca77b30d91b7d106daaafa002244b5e946a96b17b32c67f6b1ae302196e7eaae1a5578f7f572e922523b166db818ecc96c959a4c370361a8101e298', 1, NULL, 'arun', NULL, 'arun@test.com')[0m
Redirected to http://localhost:3000/users
Completed in 463ms (DB: 2) | 302 Found [http://localhost/users]


Processing UsersController#index (for 127.0.0.1 at 2009-07-31 17:05:23) [GET]
  [4;36;1mUser Load (1.0ms)[0m   [0;1mSELECT * FROM "users" [0m
Rendering users/index
Completed in 26ms (View: 2, DB: 1) | 200 OK [http://localhost/users]


Processing UsersController#index (for 127.0.0.1 at 2009-07-31 17:08:51) [GET]
  [4;35;1mUser Load (0.7ms)[0m   [0mSELECT * FROM "users" [0m
Rendering users/index
Completed in 24ms (View: 7, DB: 1) | 200 OK [http://localhost/users]


Processing UsersController#new (for 127.0.0.1 at 2009-07-31 17:09:03) [GET]
Rendering users/new
Rendered users/_form (6.7ms)
Completed in 29ms (View: 10, DB: 0) | 200 OK [http://localhost/users/new]


Processing UsersController#create (for 127.0.0.1 at 2009-07-31 17:09:33) [POST]
  Parameters: {"commit"=>"Create", "authenticity_token"=>"V/0Fp2dXZsKUxZmVut1Z8gq8qIzWlHeysHhLr2PCRsE=", "user"=>{"password_confirmation"=>"yogi", "password"=>"yogi", "login"=>"yogi", "email"=>"yogi@test.com"}}
  [4;36;1mUser Exists (0.4ms)[0m   [0;1mSELECT "users".id FROM "users" WHERE (LOWER("users"."email") = 'yogi@test.com') LIMIT 1[0m
  [4;35;1mUser Exists (0.3ms)[0m   [0mSELECT "users".id FROM "users" WHERE (LOWER("users"."login") = 'yogi') LIMIT 1[0m
  [4;36;1mUser Exists (0.2ms)[0m   [0;1mSELECT "users".id FROM "users" WHERE ("users"."persistence_token" = 'bc96985223172c7c6ca034b42b951bceaf573215349d1ae50f38b58e501da32384cf791ef7579419cb04cec96774d68231ac844a33181d136ad9b4c6d3512b93') LIMIT 1[0m
  [4;35;1mUser Exists (0.2ms)[0m   [0mSELECT "users".id FROM "users" WHERE ("users"."single_access_token" = 'qHXjx1BO8TnPrv_grGHH') LIMIT 1[0m
  [4;36;1mUser Load (0.7ms)[0m   [0;1mSELECT * FROM "users" WHERE ("users"."persistence_token" = '9094eb9bcca77b30d91b7d106daaafa002244b5e946a96b17b32c67f6b1ae302196e7eaae1a5578f7f572e922523b166db818ecc96c959a4c370361a8101e298') LIMIT 1[0m
  [4;35;1mUser Update (0.4ms)[0m   [0mUPDATE "users" SET "updated_at" = '2009-07-31 11:39:33', "perishable_token" = 'myWpc-oh8N-cpLEkNYzU', "last_request_at" = '2009-07-31 11:39:33' WHERE "id" = 1[0m
  [4;36;1mUser Create (0.3ms)[0m   [0;1mINSERT INTO "users" ("single_access_token", "last_request_at", "created_at", "crypted_password", "perishable_token", "updated_at", "failed_login_count", "current_login_ip", "password_salt", "current_login_at", "persistence_token", "login_count", "last_login_ip", "login", "last_login_at", "email") VALUES('qHXjx1BO8TnPrv_grGHH', NULL, '2009-07-31 11:39:33', '294f3ba9e9062199e44f4e0be525ebda3f34c4269c755d505d90fe08a29fd8e642e7531238bfccfb1523fe879471a9b01d42aad4822d73d678522c1211fee30d', 'n3S0P68VBrfP3ukADMXr', '2009-07-31 11:39:33', 0, NULL, '7YN-y1lk_Xsq84rbE2mO', NULL, 'bc96985223172c7c6ca034b42b951bceaf573215349d1ae50f38b58e501da32384cf791ef7579419cb04cec96774d68231ac844a33181d136ad9b4c6d3512b93', 0, NULL, 'yogi', NULL, 'yogi@test.com')[0m
Redirected to http://localhost:3000/users
Completed in 76ms (DB: 3) | 302 Found [http://localhost/users]


Processing UsersController#index (for 127.0.0.1 at 2009-07-31 17:09:33) [GET]
  [4;35;1mUser Load (0.9ms)[0m   [0mSELECT * FROM "users" [0m
Rendering users/index
Completed in 22ms (View: 5, DB: 1) | 200 OK [http://localhost/users]


Processing UsersController#index (for 127.0.0.1 at 2009-07-31 17:09:47) [GET]
  [4;36;1mUser Load (1.9ms)[0m   [0;1mSELECT * FROM "users" [0m
Rendering users/index
Completed in 49ms (View: 14, DB: 2) | 200 OK [http://localhost/users]


Processing UsersController#index (for 127.0.0.1 at 2009-07-31 17:25:03) [GET]
  [4;35;1mUser Load (0.9ms)[0m   [0mSELECT * FROM "users" [0m
Rendering users/index
Completed in 38ms (View: 5, DB: 1) | 200 OK [http://localhost/users]
